[debug] [2022-09-11T11:30:41.164Z] ----------------------------------------------------------------------
[debug] [2022-09-11T11:30:41.167Z] Command:       C:\Program Files\nodejs\node.exe C:\Users\u9513\AppData\Roaming\npm\node_modules\firebase-tools\lib\bin\firebase.js init
[debug] [2022-09-11T11:30:41.168Z] CLI Version:   11.8.0
[debug] [2022-09-11T11:30:41.168Z] Platform:      win32
[debug] [2022-09-11T11:30:41.168Z] Node Version:  v16.15.0
[debug] [2022-09-11T11:30:41.170Z] Time:          Sun Sep 11 2022 19:30:41 GMT+0800 (台北標準時間)
[debug] [2022-09-11T11:30:41.170Z] ----------------------------------------------------------------------
[debug] 
[debug] [2022-09-11T11:30:41.180Z] > command requires scopes: ["email","openid","https://www.googleapis.com/auth/cloudplatformprojects.readonly","https://www.googleapis.com/auth/firebase","https://www.googleapis.com/auth/cloud-platform"]
[debug] [2022-09-11T11:30:41.181Z] > authorizing via signed-in user (nnl.at27@gmail.com)
[info] 
     ######## #### ########  ######## ########     ###     ######  ########
     ##        ##  ##     ## ##       ##     ##  ##   ##  ##       ##
     ######    ##  ########  ######   ########  #########  ######  ######
     ##        ##  ##    ##  ##       ##     ## ##     ##       ## ##
     ##       #### ##     ## ######## ########  ##     ##  ######  ########

You're about to initialize a Firebase project in this directory:

  C:\Users\u9513\WorkSpace\netflix-clone

[info] 
=== Project Setup
[info] 
[info] First, let's associate this project directory with a Firebase project.
[info] You can create multiple project aliases by running firebase use --add, 
[info] but for now we'll just set up a default project.
[info] 
[debug] [2022-09-11T11:30:57.741Z] > refreshing access token with scopes: []
[debug] [2022-09-11T11:30:57.744Z] >>> [apiv2][query] POST https://www.googleapis.com/oauth2/v3/token [none]
[debug] [2022-09-11T11:30:57.745Z] >>> [apiv2][body] POST https://www.googleapis.com/oauth2/v3/token [omitted]
[debug] [2022-09-11T11:30:57.958Z] <<< [apiv2][status] POST https://www.googleapis.com/oauth2/v3/token 200
[debug] [2022-09-11T11:30:57.958Z] <<< [apiv2][body] POST https://www.googleapis.com/oauth2/v3/token [omitted]
[debug] [2022-09-11T11:30:57.976Z] >>> [apiv2][query] GET https://firebase.googleapis.com/v1beta1/projects pageSize=100
[debug] [2022-09-11T11:30:58.541Z] <<< [apiv2][status] GET https://firebase.googleapis.com/v1beta1/projects 200
[debug] [2022-09-11T11:30:58.542Z] <<< [apiv2][body] GET https://firebase.googleapis.com/v1beta1/projects [omitted]
[info] i  Using project netflix-clone-f302e (netflix-clone) 
[info] 
=== Hosting Setup
[info] 
[info] Your public directory is the folder (relative to your project directory) that
[info] will contain Hosting assets to be uploaded with firebase deploy. If you
[info] have a build process for your assets, use your build's output directory.
[info] 
[debug] [2022-09-11T11:32:44.389Z] >>> [apiv2][query] GET https://www.gstatic.com/firebasejs/releases.json [none]
[debug] [2022-09-11T11:32:44.491Z] <<< [apiv2][status] GET https://www.gstatic.com/firebasejs/releases.json 200
[debug] [2022-09-11T11:32:44.492Z] <<< [apiv2][body] GET https://www.gstatic.com/firebasejs/releases.json {"current":{"version":"9.9.4","browserURL":"https://www.gstatic.com/firebasejs/9.9.4/firebase.js","packageURL":"https://www.gstatic.com/firebasejs/9.9.4/firebase.tgz"},"live":{"version":"9.9","browserURL":"https://www.gstatic.com/firebasejs/live/9.9/firebase.js","packageURL":"https://www.gstatic.com/firebasejs/live/9.9/firebase.tgz"},"components":{"analytics":"https://www.gstatic.com/firebasejs/9.9.4/firebase-analytics.js","app":"https://www.gstatic.com/firebasejs/9.9.4/firebase-app.js","app-check":"https://www.gstatic.com/firebasejs/9.9.4/firebase-app-check.js","auth":"https://www.gstatic.com/firebasejs/9.9.4/firebase-auth.js","auth/cordova":"https://www.gstatic.com/firebasejs/9.9.4/firebase-auth/cordova.js","auth/react-native":"https://www.gstatic.com/firebasejs/9.9.4/firebase-auth/react-native.js","functions":"https://www.gstatic.com/firebasejs/9.9.4/firebase-functions.js","firestore":"https://www.gstatic.com/firebasejs/9.9.4/firebase-firestore.js","firestore/lite":"https://www.gstatic.com/firebasejs/9.9.4/firebase-firestore/lite.js","installations":"https://www.gstatic.com/firebasejs/9.9.4/firebase-installations.js","storage":"https://www.gstatic.com/firebasejs/9.9.4/firebase-storage.js","performance":"https://www.gstatic.com/firebasejs/9.9.4/firebase-performance.js","remote-config":"https://www.gstatic.com/firebasejs/9.9.4/firebase-remote-config.js","messaging":"https://www.gstatic.com/firebasejs/9.9.4/firebase-messaging.js","messaging/sw":"https://www.gstatic.com/firebasejs/9.9.4/firebase-messaging/sw.js","database":"https://www.gstatic.com/firebasejs/9.9.4/firebase-database.js","firestore.memory":"https://www.gstatic.com/firebasejs/9.9.4/firebase-firestore.memory.js"}}
[info] +  Wrote build/index.html 
[info] 
[info] i  Detected a .git folder at C:\Users\u9513\WorkSpace\netflix-clone 
[info] i  Authorizing with GitHub to upload your service account to a GitHub repository's secrets store. 
[info] 
[info] Visit this URL on this device to log in:
[info] https://github.com/login/oauth/authorize?client_id=89cf50f02ac6aaed3484&state=1049662201&redirect_uri=http%3A%2F%2Flocalhost%3A9005&scope=read%3Auser%20repo%20public_repo
[info] 
[info] Waiting for authentication...
[debug] [2022-09-11T11:33:12.661Z] >>> [apiv2][query] POST https://github.com/login/oauth/access_token [none]
[debug] [2022-09-11T11:33:12.662Z] >>> [apiv2][body] POST https://github.com/login/oauth/access_token [stream]
[debug] [2022-09-11T11:33:13.147Z] <<< [apiv2][status] POST https://github.com/login/oauth/access_token 200
[debug] [2022-09-11T11:33:13.147Z] <<< [apiv2][body] POST https://github.com/login/oauth/access_token {"access_token":"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","token_type":"bearer","scope":"read:user,repo"}
[debug] [2022-09-11T11:33:13.157Z] >>> [apiv2][query] GET https://api.github.com/user [none]
[debug] [2022-09-11T11:33:13.629Z] <<< [apiv2][status] GET https://api.github.com/user 200
[debug] [2022-09-11T11:33:13.630Z] <<< [apiv2][body] GET https://api.github.com/user {"login":"NiniLiao","id":28205767,"node_id":"MDQ6VXNlcjI4MjA1NzY3","avatar_url":"https://avatars.githubusercontent.com/u/28205767?v=4","gravatar_id":"","url":"https://api.github.com/users/NiniLiao","html_url":"https://github.com/NiniLiao","followers_url":"https://api.github.com/users/NiniLiao/followers","following_url":"https://api.github.com/users/NiniLiao/following{/other_user}","gists_url":"https://api.github.com/users/NiniLiao/gists{/gist_id}","starred_url":"https://api.github.com/users/NiniLiao/starred{/owner}{/repo}","subscriptions_url":"https://api.github.com/users/NiniLiao/subscriptions","organizations_url":"https://api.github.com/users/NiniLiao/orgs","repos_url":"https://api.github.com/users/NiniLiao/repos","events_url":"https://api.github.com/users/NiniLiao/events{/privacy}","received_events_url":"https://api.github.com/users/NiniLiao/received_events","type":"User","site_admin":false,"name":null,"company":null,"blog":"","location":"Taiwan","email":"nnl.at27@gmail.com","hireable":null,"bio":null,"twitter_username":null,"public_repos":15,"public_gists":1,"followers":5,"following":26,"created_at":"2017-04-29T22:11:29Z","updated_at":"2022-05-28T03:11:03Z","private_gists":1,"total_private_repos":0,"owned_private_repos":0,"disk_usage":114764,"collaborators":0,"two_factor_authentication":true,"plan":{"name":"free","space":976562499,"collaborators":0,"private_repos":10000}}
[info] 
[info] +  Success! Logged into GitHub as NiniLiao 
[info] 
[debug] [2022-09-11T11:38:45.025Z] >>> [apiv2][query] GET https://api.github.com/repos/NiniLiao/netflix-clone/actions/secrets/public-key type=owner
[debug] [2022-09-11T11:38:45.433Z] <<< [apiv2][status] GET https://api.github.com/repos/NiniLiao/netflix-clone/actions/secrets/public-key 404
[debug] [2022-09-11T11:38:45.434Z] <<< [apiv2][body] GET https://api.github.com/repos/NiniLiao/netflix-clone/actions/secrets/public-key {"message":"Not Found","documentation_url":"https://docs.github.com/rest/reference/actions#get-a-repository-public-key"}
[debug] [2022-09-11T11:38:51.118Z] >>> [apiv2][query] GET https://api.github.com/repos/NiniLiao/netflix-clone/actions/secrets/public-key type=owner
[debug] [2022-09-11T11:38:51.497Z] <<< [apiv2][status] GET https://api.github.com/repos/NiniLiao/netflix-clone/actions/secrets/public-key 404
[debug] [2022-09-11T11:38:51.497Z] <<< [apiv2][body] GET https://api.github.com/repos/NiniLiao/netflix-clone/actions/secrets/public-key {"message":"Not Found","documentation_url":"https://docs.github.com/rest/reference/actions#get-a-repository-public-key"}
[debug] [2022-09-11T11:39:02.367Z] >>> [apiv2][query] GET https://api.github.com/repos/NiniLiao/netflix-clone/actions/secrets/public-key type=owner
[debug] [2022-09-11T11:39:02.761Z] <<< [apiv2][status] GET https://api.github.com/repos/NiniLiao/netflix-clone/actions/secrets/public-key 404
[debug] [2022-09-11T11:39:02.762Z] <<< [apiv2][body] GET https://api.github.com/repos/NiniLiao/netflix-clone/actions/secrets/public-key {"message":"Not Found","documentation_url":"https://docs.github.com/rest/reference/actions#get-a-repository-public-key"}
[debug] [2022-09-11T11:39:17.354Z] >>> [apiv2][query] GET https://api.github.com/repos/NiniLiao/netflix-clone/actions/secrets/public-key type=owner
[debug] [2022-09-11T11:39:17.725Z] <<< [apiv2][status] GET https://api.github.com/repos/NiniLiao/netflix-clone/actions/secrets/public-key 404
[debug] [2022-09-11T11:39:17.725Z] <<< [apiv2][body] GET https://api.github.com/repos/NiniLiao/netflix-clone/actions/secrets/public-key {"message":"Not Found","documentation_url":"https://docs.github.com/rest/reference/actions#get-a-repository-public-key"}
[debug] [2022-09-11T11:39:18.955Z] >>> [apiv2][query] GET https://api.github.com/repos/NiniLiao/netflix-clone/actions/secrets/public-key type=owner
[debug] [2022-09-11T11:39:19.333Z] <<< [apiv2][status] GET https://api.github.com/repos/NiniLiao/netflix-clone/actions/secrets/public-key 404
[debug] [2022-09-11T11:39:19.334Z] <<< [apiv2][body] GET https://api.github.com/repos/NiniLiao/netflix-clone/actions/secrets/public-key {"message":"Not Found","documentation_url":"https://docs.github.com/rest/reference/actions#get-a-repository-public-key"}
[debug] [2022-09-11T11:39:23.770Z] >>> [apiv2][query] GET https://api.github.com/repos/NiniLiao/actions/secrets/public-key type=owner
[debug] [2022-09-11T11:39:24.157Z] <<< [apiv2][status] GET https://api.github.com/repos/NiniLiao/actions/secrets/public-key 404
[debug] [2022-09-11T11:39:24.157Z] <<< [apiv2][body] GET https://api.github.com/repos/NiniLiao/actions/secrets/public-key {"message":"Not Found","documentation_url":"https://docs.github.com/rest"}
